[2015.11.17-15.45.36:276][  0]Log file open, 11/17/15 16:45:36
[2015.11.17-15.45.36:276][  0]LogInit:Display: Running engine for game: CharacterExcercise
[2015.11.17-15.45.36:276][  0]LogPlatformFile: Not using cached read wrapper
[2015.11.17-15.45.36:276][  0]LogInit:Display: RandInit(141384779) SRandInit(141384781).
[2015.11.17-15.45.36:276][  0]LogTaskGraph: Started task graph with 4 named threads and 5 total threads.
[2015.11.17-15.45.36:276][  0]LogStats: Stats thread started at 0.089147
[2015.11.17-15.45.36:276][  0]LogInit: Version: 4.10.0-2758231+++depot+UE4-Releases+4.10
[2015.11.17-15.45.36:276][  0]LogInit: API Version: 2758231
[2015.11.17-15.45.36:276][  0]LogInit: Compiled (64-bit): Nov  7 2015 05:13:45
[2015.11.17-15.45.36:276][  0]LogInit: Compiled with Visual C++: 19.00.23026.00
[2015.11.17-15.45.36:276][  0]LogInit: Build Configuration: Development
[2015.11.17-15.45.36:276][  0]LogInit: Branch Name: ++depot+UE4-Releases+4.10
[2015.11.17-15.45.36:276][  0]LogInit: Command line: 
[2015.11.17-15.45.36:276][  0]LogInit: Base directory: C:/Program Files/Epic Games/4.10/Engine/Binaries/Win64/
[2015.11.17-15.45.36:276][  0]LogInit: Rocket: 1
[2015.11.17-15.45.36:289][  0]LogInit: Using libcurl 7.41.0
[2015.11.17-15.45.36:289][  0]LogInit:  - built for x86_64-pc-win32
[2015.11.17-15.45.36:289][  0]LogInit:  - supports SSL with WinSSL
[2015.11.17-15.45.36:289][  0]LogInit:  - other features:
[2015.11.17-15.45.36:289][  0]LogInit:      CURL_VERSION_SSL
[2015.11.17-15.45.36:289][  0]LogInit:      CURL_VERSION_IPV6
[2015.11.17-15.45.36:289][  0]LogInit:      CURL_VERSION_ASYNCHDNS
[2015.11.17-15.45.36:289][  0]LogInit:      CURL_VERSION_LARGEFILE
[2015.11.17-15.45.36:289][  0]LogInit:      CURL_VERSION_IDN
[2015.11.17-15.45.36:289][  0]LogInit:  CurlRequestOptions (configurable via config and command line):
[2015.11.17-15.45.36:289][  0]LogInit:  - bVerifyPeer = true  - Libcurl will verify peer certificate
[2015.11.17-15.45.36:289][  0]LogInit:  - bUseHttpProxy = false  - Libcurl will NOT use HTTP proxy
[2015.11.17-15.45.36:289][  0]LogInit:  - bDontReuseConnections = false  - Libcurl will reuse connections
[2015.11.17-15.45.36:289][  0]LogInit:  - CertBundlePath = nullptr  - Libcurl will use whatever was configured at build time.
[2015.11.17-15.45.36:301][  0]LogInit: Presizing for 0 objects not considered by GC, pre-allocating 0 bytes.
[2015.11.17-15.45.36:313][  0]LogInit: Object subsystem initialized
[2015.11.17-15.45.36:317][  0]LogInit: Selected Device Profile: [Windows]
[2015.11.17-15.45.36:317][  0]LogInit: Applying CVar settings loaded from the selected device profile: [Windows]
[2015.11.17-15.45.36:340][  0]LogInit: Computer: DESKTOP-SJ1D02K
[2015.11.17-15.45.36:340][  0]LogInit: User: Lukas
[2015.11.17-15.45.36:340][  0]LogInit: CPU Page size=4096, Cores=2
[2015.11.17-15.45.36:340][  0]LogInit: High frequency timer resolution =2.433500 MHz
[2015.11.17-15.45.36:340][  0]LogMemory: Memory total: Physical=3.9GB (4GB approx)
[2015.11.17-15.45.36:340][  0]LogMemory: Platform Memory Stats for Windows
[2015.11.17-15.45.36:340][  0]LogMemory: Process Physical Memory: 56.34 MB used, 56.34 MB peak
[2015.11.17-15.45.36:340][  0]LogMemory: Process Virtual Memory: 56.16 MB used, 56.16 MB peak
[2015.11.17-15.45.36:340][  0]LogMemory: Physical Memory: 3128.86 MB used, 3979.23 MB total
[2015.11.17-15.45.36:340][  0]LogMemory: Virtual Memory: 383.55 MB used, 134217728.00 MB total
[2015.11.17-15.45.36:414][  0]LogTextLocalizationManager: No translations for ('de-DE') exist, falling back to 'en' for localization and internationalization data.
[2015.11.17-15.45.37:129][  0]LogD3D11RHI: Found D3D11 adapter 0: NVIDIA NVS 4200M     (Feature Level 11_0)
[2015.11.17-15.45.37:129][  0]LogD3D11RHI: Adapter has 973MB of dedicated video memory, 0MB of dedicated system memory, and 1989MB of shared system memory, 1 output[s]
[2015.11.17-15.45.37:152][  0]LogD3D11RHI: Found D3D11 adapter 1: NVIDIA NVS 4200M     (Feature Level 11_0)
[2015.11.17-15.45.37:152][  0]LogD3D11RHI: Adapter has 973MB of dedicated video memory, 0MB of dedicated system memory, and 1989MB of shared system memory, 0 output[s]
[2015.11.17-15.45.37:158][  0]LogD3D11RHI: Found D3D11 adapter 2: Microsoft Basic Render Driver (Feature Level 11_0)
[2015.11.17-15.45.37:158][  0]LogD3D11RHI: Adapter has 973MB of dedicated video memory, 0MB of dedicated system memory, and 1989MB of shared system memory, 0 output[s]
[2015.11.17-15.45.37:158][  0]LogD3D11RHI: Chosen D3D11 Adapter Id = 0
[2015.11.17-15.45.37:165][  0]LogD3D11RHI: !Direct3DDevice
[2015.11.17-15.45.37:165][  0]LogRHI: Texture pool is 1361 MB (70% of 1945 MB)
[2015.11.17-15.45.37:181][  0]LogD3D11RHI: Async texture creation enabled
[2015.11.17-15.45.37:201][  0]LogShaderCompilers: Guid format shader working directory is -28 characters bigger than the processId version (../../../../../../Users/Lukas/Documents/Unreal Projects/CharacterExcercise/Intermediate/Shaders/WorkingDirectory/1972/).
[2015.11.17-15.45.37:201][  0]LogShaderCompilers: Cleaned the shader compiler working directory 'C:/Users/Lukas/AppData/Local/Temp/UnrealShaderWorkingDir/111DD5B04DB73778B1C12597DD085378/'.
[2015.11.17-15.45.37:201][  0]LogShaderCompilers:Display: Using Local Shader Compiler.
[2015.11.17-15.45.39:179][  0]LogTemp:Display: Loaded TP AllDesktopTargetPlatform
[2015.11.17-15.45.39:188][  0]LogTemp:Display: Loaded TP WindowsClientTargetPlatform
[2015.11.17-15.45.39:196][  0]LogTemp:Display: Loaded TP WindowsNoEditorTargetPlatform
[2015.11.17-15.45.39:203][  0]LogTemp:Display: Loaded TP WindowsServerTargetPlatform
[2015.11.17-15.45.39:210][  0]LogTemp:Display: Loaded TP WindowsTargetPlatform
[2015.11.17-15.45.39:218][  0]LogTemp:Display: Loaded TP AndroidTargetPlatform
[2015.11.17-15.45.39:222][  0]LogTemp:Display: Loaded TP Android_ASTCTargetPlatform
[2015.11.17-15.45.39:226][  0]LogTemp:Display: Loaded TP Android_ATCTargetPlatform
[2015.11.17-15.45.39:231][  0]LogTemp:Display: Loaded TP Android_DXTTargetPlatform
[2015.11.17-15.45.39:236][  0]LogTemp:Display: Loaded TP Android_ETC1TargetPlatform
[2015.11.17-15.45.39:241][  0]LogTemp:Display: Loaded TP Android_ETC2TargetPlatform
[2015.11.17-15.45.39:252][  0]LogTemp:Display: Loaded TP Android_MultiTargetPlatform
[2015.11.17-15.45.39:252][  0]LogTemp:Display: Loaded TP Android_PVRTCTargetPlatform
[2015.11.17-15.45.39:253][  0]LogTemp:Display: Loaded TP HTML5TargetPlatform
[2015.11.17-15.45.39:277][  0]LogTemp:Display: Loaded TP IOSTargetPlatform
[2015.11.17-15.45.39:281][  0]LogTemp:Display: Loaded TP LinuxNoEditorTargetPlatform
[2015.11.17-15.45.39:286][  0]LogTemp:Display: Loaded TP LinuxServerTargetPlatform
[2015.11.17-15.45.39:295][  0]LogTemp:Display: Loaded TP LinuxTargetPlatform
[2015.11.17-15.45.39:295][  0]LogTargetPlatformManager:Display: Building Assets For Windows
[2015.11.17-15.45.39:424][  0]LogDerivedDataCache:Display: Max Cache Size: 512 MB
[2015.11.17-15.45.39:551][  0]LogDerivedDataCache: Loaded boot cache 0.13s 41MB C:/Users/Lukas/AppData/Local/UnrealEngine/4.10/DerivedDataCache/Boot.ddc.
[2015.11.17-15.45.39:551][  0]LogDerivedDataCache:Display: Loaded Boot cache: C:/Users/Lukas/AppData/Local/UnrealEngine/4.10/DerivedDataCache/Boot.ddc
[2015.11.17-15.45.39:551][  0]LogDerivedDataCache: FDerivedDataBackendGraph:  Pak pak cache file ../../../../../../Users/Lukas/Documents/Unreal Projects/CharacterExcercise/DerivedDataCache/DDC.ddp not found, will not use a pak cache.
[2015.11.17-15.45.39:551][  0]LogDerivedDataCache: Unable to find inner node Pak for hierarchical cache Hierarchy.
[2015.11.17-15.45.39:551][  0]LogDerivedDataCache: FDerivedDataBackendGraph:  CompressedPak pak cache file ../../../../../../Users/Lukas/Documents/Unreal Projects/CharacterExcercise/DerivedDataCache/Compressed.ddp not found, will not use a pak cache.
[2015.11.17-15.45.39:551][  0]LogDerivedDataCache: Unable to find inner node CompressedPak for hierarchical cache Hierarchy.
[2015.11.17-15.45.39:649][  0]LogDerivedDataCache:Display: Pak cache opened for reading ../../../Engine/DerivedDataCache/Compressed.ddp.
[2015.11.17-15.45.39:661][  0]LogDerivedDataCache: Using Local data cache path C:/Users/Lukas/AppData/Local/UnrealEngine/Common/DerivedDataCache: Writable
[2015.11.17-15.45.41:373][  0]LogInit: Selected Device Profile: [Windows]
[2015.11.17-15.45.41:379][  0]LogContentStreaming: Texture pool size is 0.000000MB
[2015.11.17-15.45.41:562][  0]LogMeshUtilities: No automatic mesh reduction module available
[2015.11.17-15.45.41:562][  0]LogMeshUtilities: No automatic mesh merging module available
[2015.11.17-15.45.41:907][  0]LogInit: WinSock: version 1.1 (2.2), MaxSocks=32767, MaxUdp=65467
[2015.11.17-15.45.45:174][  0]UdpMessaging: Initializing bridge on interface 0.0.0.0:0 to multicast group 230.0.0.1:6666.
[2015.11.17-15.45.45:326][  0]LogAssetRegistry: FAssetRegistry took 0.0111 seconds to start up
[2015.11.17-15.45.45:585][  0]SourceControl: Info Source control is disabled
[2015.11.17-15.45.45:586][  0]SourceControl: Info Source control is disabled
[2015.11.17-15.45.45:604][  0]SourceControl: Info Source control is disabled
[2015.11.17-15.45.45:621][  0]SourceControl: Info Source control is disabled
[2015.11.17-15.45.46:083][  0]LogObj: 28633 objects as part of root set at end of initial load.
[2015.11.17-15.45.46:083][  0]LogUObjectAllocator: 6099752 out of 0 bytes used by permanent object pool.
[2015.11.17-15.45.46:175][  0]LogEngine: Initializing Engine...
[2015.11.17-15.45.46:178][  0]LogHMD: Can't find Oculus library dev build: is proper Runtime installed? Version: 0.8.0.0
[2015.11.17-15.45.46:193][  0]LogHMD: SteamVR failed to initialize.  Err: 110
[2015.11.17-15.45.46:436][  0]LogAIModule: Creating AISystem for world NewWorld
[2015.11.17-15.45.46:459][  0]LogInit: XAudio2 using '1-2 (QUAD-CAPTURE)' : 2 channels at 44.1 kHz using 16 bits per sample (channel mask 0x3)
[2015.11.17-15.45.46:473][  0]LogInit: FAudioDevice initialized.
[2015.11.17-15.45.46:507][  0]LogDerivedDataCache: Saved boot cache 0.03s 41MB C:/Users/Lukas/AppData/Local/UnrealEngine/4.10/DerivedDataCache/Boot.ddc.
[2015.11.17-15.45.46:522][  0]LogInit: Texture streaming: Enabled
[2015.11.17-15.45.46:537][  0]LogAnalytics: Creating configured Analytics provider AnalyticsET
[2015.11.17-15.45.46:537][  0]LogAnalytics: [UEEditor.Rocket.Release] APIServer = http://et2.epicgames.com/ET2/. AppVersion = 4.10.0-2758231+++depot+UE4-Releases+4.10
[2015.11.17-15.45.46:537][  0]LogAnalytics: [UEEditor.Rocket.Release] SetUserId 15b87628480cbd2535515b9885c44da9|9d809d1ccb9140c887610df23cb0a95d|0079ed7a-d1fa-4189-8c01-c368b2ab1019
[2015.11.17-15.45.46:537][  0]LogAnalytics: [UEEditor.Rocket.Release] AnalyticsET::StartSession
[2015.11.17-15.45.46:614][  0]LogInit: Transaction tracking system initialized
[2015.11.17-15.45.46:674][  0]BlueprintLog: New page: Editor Load
[2015.11.17-15.45.47:605][  0]LocalizationService: Info Localization service is disabled
[2015.11.17-15.45.47:910][  0]LogConsoleResponse:Display: 
[2015.11.17-15.45.48:189][  0]LogFileCache: Scanning file cache for directory 'C:/Users/Lukas/Documents/Unreal Projects/CharacterExcercise/Content/' took 0.01s
[2015.11.17-15.45.48:189][  0]LogCook:Display: Done creating registry. It took  0.00s.
[2015.11.17-15.45.48:322][  0]SourceControl: Info Source control is disabled
[2015.11.17-15.45.48:322][  0]Cmd: MAP LOAD FILE="../../../Engine/Content/Maps/Templates/Template_Default.umap" TEMPLATE=1 SHOWPROGRESS=1 FEATURELEVEL=3
[2015.11.17-15.45.48:323][  0]LightingResults: New page: Lighting Build
[2015.11.17-15.45.48:329][  0]MapCheck: New page: Map Check
[2015.11.17-15.45.48:329][  0]LightingResults: New page: Lighting Build
[2015.11.17-15.45.48:369][  0]LogParticles: Destroying 0 GPU particle simulations for FXSystem 0x0000024360072AC0
[2015.11.17-15.45.49:093][  0]LogAIModule: Creating AISystem for world Untitled_1
[2015.11.17-15.45.49:103][  0]LogEditorServer: Finished looking for orphan Actors (0.000 secs)
[2015.11.17-15.45.49:111][  0]Cmd: MAP CHECKDEP NOCLEARLOG
[2015.11.17-15.45.49:201][  0]MapCheck: Info Map check complete: 0 Error(s), 0 Warning(s), took 89.67ms to complete.
[2015.11.17-15.45.49:201][  0]LogFileHelpers: Loading map 'Template_Default' took 0.879
[2015.11.17-15.45.49:448][  0]LogCollectionManager: Loaded 0 collections in 0.004257 seconds
[2015.11.17-15.45.49:511][  0]LogFileCache: Scanning file cache for directory 'C:/Users/Lukas/Documents/Unreal Projects/CharacterExcercise/Saved/Collections/' took 0.01s
[2015.11.17-15.45.49:511][  0]LogFileCache: Scanning file cache for directory 'C:/Users/Lukas/Documents/Unreal Projects/CharacterExcercise/Content/Developers/Lukas/Collections/' took 0.01s
[2015.11.17-15.45.49:511][  0]LogFileCache: Scanning file cache for directory 'C:/Users/Lukas/Documents/Unreal Projects/CharacterExcercise/Content/Collections/' took 0.01s
[2015.11.17-15.45.49:511][  0]LogCollectionManager: Rebuilt the GUID cache for 0 collections in 0.000002 seconds
[2015.11.17-15.45.49:530][  0]LogContentBrowser: Native class hierarchy populated in 0.0179 seconds. Added 1893 classes and 338 folders.
[2015.11.17-15.45.49:549][  0]LogContentBrowser: Native class hierarchy updated for 'WidgetCarousel' in 0.0006 seconds. Added 0 classes and 0 folders.
[2015.11.17-15.45.50:019][  0]LogContentBrowser: Native class hierarchy updated for 'AddContentDialog' in 0.0009 seconds. Added 0 classes and 0 folders.
[2015.11.17-15.45.50:032][  0]LogContentBrowser: Native class hierarchy updated for 'SceneOutliner' in 0.0006 seconds. Added 1 classes and 2 folders.
[2015.11.17-15.45.50:103][  0]LogCrashTracker: Crashtracker disabled due to settings.
[2015.11.17-15.45.50:181][  0]LogLoad: Full Startup: 14.61 seconds (BP compile: 0.15 seconds)
[2015.11.17-15.45.50:204][  0]LogOcInput: Can't find Oculus library dev build: is proper Runtime installed? Version: 0.8.0.0
[2015.11.17-15.45.50:397][  0]LogContentStreaming: Texture pool size now 1000 MB
[2015.11.17-15.45.50:627][  0]LogRenderer: Reallocating scene render targets to support 856x368 (Frame:2).
[2015.11.17-15.45.51:648][  6]LogAssetRegistry: Asset discovery search completed in 6.3336 seconds
[2015.11.17-15.45.51:648][  6]LogCollectionManager: Rebuilt the object cache for 0 collections in 0.000001 seconds (found 0 objects)
[2015.11.17-15.45.51:648][  6]LogCollectionManager: Fixed up redirectors for 0 collections in 0.000036 seconds (updated 0 objects)
[2015.11.17-15.48.44:498][795]SourceControl:Error: Error Failed to enable Git source control. You need to initialize the project as a Git repository first.
[2015.11.17-15.51.36:015][ 78]SourceControl:Error: Error Failed to enable Git source control. You need to initialize the project as a Git repository first.
[2015.11.17-15.51.54:625][312]SourceControl:Error: Error Failed to enable Git source control. You need to initialize the project as a Git repository first.
[2015.11.17-15.54.21:929][142]SourceControl:Error: Error Failed to enable Git source control. You need to initialize the project as a Git repository first.
[2015.11.17-15.54.32:871][266]SourceControl:Error: Error Failed to enable Git source control. You need to initialize the project as a Git repository first.
[2015.11.17-15.55.10:393][650]SourceControl:Error: Error Failed to enable Git source control. You need to initialize the project as a Git repository first.
[2015.11.17-15.56.33:268][ 56]SourceControl:Error: Error Der Befehl "status" ist entweder falsch geschrieben oder
[2015.11.17-15.56.33:268][ 56]SourceControl:Error: Error konnte nicht gefunden werden.
[2015.11.17-15.56.33:268][ 56]SourceControl: Info 
[2015.11.17-15.56.33:268][ 56]SourceControl: Info C:\Program Files\Epic Games\4.10\Engine\Binaries\Win64>
[2015.11.17-15.56.33:268][ 56]SourceControl:Error: Error Failed to enable Git source control. You need to initialize the project as a Git repository first.
[2015.11.17-15.56.48:771][356]SourceControl: Info Source control is disabled
[2015.11.17-15.57.07:280][737]SourceControl:Error: Error Der Befehl "status" ist entweder falsch geschrieben oder
[2015.11.17-15.57.07:280][737]SourceControl:Error: Error konnte nicht gefunden werden.
[2015.11.17-15.57.07:280][737]SourceControl: Info 
[2015.11.17-15.57.07:280][737]SourceControl: Info C:\Program Files\Epic Games\4.10\Engine\Binaries\Win64>
[2015.11.17-15.57.07:280][737]SourceControl:Error: Error Failed to enable Git source control. You need to initialize the project as a Git repository first.
[2015.11.17-15.58.12:880][ 61]SourceControl:Error: Error Der Befehl "status" ist entweder falsch geschrieben oder
[2015.11.17-15.58.12:880][ 61]SourceControl:Error: Error konnte nicht gefunden werden.
[2015.11.17-15.58.12:880][ 61]SourceControl: Info 
[2015.11.17-15.58.12:880][ 61]SourceControl: Info C:\Program Files\Epic Games\4.10\Engine\Binaries\Win64>
[2015.11.17-15.58.12:880][ 61]SourceControl:Error: Error Failed to enable Git source control. You need to initialize the project as a Git repository first.
[2015.11.17-15.58.25:309][200]SourceControl:Error: Error Failed to enable Git source control. You need to initialize the project as a Git repository first.
[2015.11.17-16.01.29:902][344]SourceControl:Error: Error Failed to enable Git source control. You need to initialize the project as a Git repository first.
[2015.11.17-16.03.43:682][ 61]SourceControl: Info Source control is disabled
[2015.11.17-16.03.45:114][ 82]LogWindowsTextInputMethodSystem:Display: IME system now deactivated.
[2015.11.17-16.03.45:432][ 83]Cmd: QUIT_EDITOR
[2015.11.17-16.03.45:610][ 83]LogExit: Preparing to exit.
[2015.11.17-16.03.46:725][ 83]LogExit: Editor shut down
[2015.11.17-16.03.46:728][ 83]LogExit: Transaction tracking system shut down
[2015.11.17-16.03.46:739][ 83]LogParticles: Destroying 0 GPU particle simulations for FXSystem 0x000002434FEDB9C0
[2015.11.17-16.03.46:740][ 83]LogParticles: Destroying 0 GPU particle simulations for FXSystem 0x000002436A2E0E00
[2015.11.17-16.03.47:038][ 83]LogExit: Object subsystem successfully closed.
[2015.11.17-16.03.47:070][ 83]LogD3D11RHI: Shutdown
[2015.11.17-16.03.47:070][ 83]LogD3D11RHI: CleanupD3DDevice
[2015.11.17-16.03.47:149][ 83]LogD3D11RHI: ~FD3D11DynamicRHI
[2015.11.17-16.03.47:193][ 83]LogModuleManager: Shutting down and abandoning module CrashTracker (198)
[2015.11.17-16.03.47:194][ 83]LogModuleManager: Shutting down and abandoning module SceneOutliner (197)
[2015.11.17-16.03.47:194][ 83]LogModuleManager: Shutting down and abandoning module SuperSearch (196)
[2015.11.17-16.03.47:194][ 83]LogModuleManager: Shutting down and abandoning module WidgetCarousel (195)
[2015.11.17-16.03.47:194][ 83]LogModuleManager: Shutting down and abandoning module AddContentDialog (194)
[2015.11.17-16.03.47:204][ 83]LogModuleManager: Shutting down and abandoning module EditorWidgets (193)
[2015.11.17-16.03.47:204][ 83]LogModuleManager: Shutting down and abandoning module CollectionManager (192)
[2015.11.17-16.03.47:205][ 83]LogModuleManager: Shutting down and abandoning module StatsViewer (191)
[2015.11.17-16.03.47:206][ 83]LogModuleManager: Shutting down and abandoning module FoliageEdit (190)
[2015.11.17-16.03.47:206][ 83]LogModuleManager: Shutting down and abandoning module LandscapeEditor (189)
[2015.11.17-16.03.47:208][ 83]LogModuleManager: Shutting down and abandoning module ActorPickerMode (188)
[2015.11.17-16.03.47:208][ 83]LogModuleManager: Shutting down and abandoning module GeometryMode (187)
[2015.11.17-16.03.47:208][ 83]LogModuleManager: Shutting down and abandoning module TextureAlignMode (186)
[2015.11.17-16.03.47:208][ 83]LogModuleManager: Shutting down and abandoning module BspMode (185)
[2015.11.17-16.03.47:208][ 83]LogModuleManager: Shutting down and abandoning module PlacementMode (184)
[2015.11.17-16.03.47:208][ 83]LogModuleManager: Shutting down and abandoning module AutomationWorker (183)
[2015.11.17-16.03.47:208][ 83]LogModuleManager: Shutting down and abandoning module CharacterAI (182)
[2015.11.17-16.03.47:208][ 83]LogModuleManager: Shutting down and abandoning module SmartSnapping (181)
[2015.11.17-16.03.47:208][ 83]LogModuleManager: Shutting down and abandoning module ViewportSnapping (180)
[2015.11.17-16.03.47:208][ 83]LogModuleManager: Shutting down and abandoning module LogVisualizer (179)
[2015.11.17-16.03.47:209][ 83]LogModuleManager: Shutting down and abandoning module GameProjectGeneration (178)
[2015.11.17-16.03.47:210][ 83]LogModuleManager: Shutting down and abandoning module IntroTutorials (177)
[2015.11.17-16.03.47:211][ 83]LogModuleManager: Shutting down and abandoning module EditorLiveStreaming (176)
[2015.11.17-16.03.47:211][ 83]LogModuleManager: Shutting down and abandoning module IOSPlatformEditor (175)
[2015.11.17-16.03.47:211][ 83]LogModuleManager: Shutting down and abandoning module HTML5PlatformEditor (174)
[2015.11.17-16.03.47:211][ 83]LogModuleManager: Shutting down and abandoning module AndroidDeviceDetection (173)
[2015.11.17-16.03.48:066][ 83]LogModuleManager: Shutting down and abandoning module AndroidPlatformEditor (172)
[2015.11.17-16.03.48:067][ 83]LogModuleManager: Shutting down and abandoning module IOSRuntimeSettings (171)
[2015.11.17-16.03.48:067][ 83]LogModuleManager: Shutting down and abandoning module AndroidRuntimeSettings (170)
[2015.11.17-16.03.48:067][ 83]LogModuleManager: Shutting down and abandoning module MergeActors (169)
[2015.11.17-16.03.48:067][ 83]LogModuleManager: Shutting down and abandoning module SizeMap (168)
[2015.11.17-16.03.48:067][ 83]LogModuleManager: Shutting down and abandoning module TreeMap (167)
[2015.11.17-16.03.48:068][ 83]LogModuleManager: Shutting down and abandoning module ReferenceViewer (166)
[2015.11.17-16.03.48:068][ 83]LogModuleManager: Shutting down and abandoning module LocalizationService (165)
[2015.11.17-16.03.48:069][ 83]LogModuleManager: Shutting down and abandoning module LocalizationDashboard (164)
[2015.11.17-16.03.48:069][ 83]LogModuleManager: Shutting down and abandoning module HardwareTargeting (163)
[2015.11.17-16.03.48:070][ 83]LogModuleManager: Shutting down and abandoning module DeviceProfileEditor (162)
[2015.11.17-16.03.48:070][ 83]LogModuleManager: Shutting down and abandoning module UndoHistory (161)
[2015.11.17-16.03.48:070][ 83]LogModuleManager: Shutting down and abandoning module GameplayTagsEditor (160)
[2015.11.17-16.03.48:071][ 83]LogModuleManager: Shutting down and abandoning module UserFeedback (159)
[2015.11.17-16.03.48:071][ 83]LogModuleManager: Shutting down and abandoning module XmlParser (158)
[2015.11.17-16.03.48:071][ 83]LogModuleManager: Shutting down and abandoning module Blutility (157)
[2015.11.17-16.03.48:072][ 83]LogModuleManager: Shutting down and abandoning module ProjectTargetPlatformEditor (156)
[2015.11.17-16.03.48:072][ 83]LogModuleManager: Shutting down and abandoning module ProjectSettingsViewer (155)
[2015.11.17-16.03.48:072][ 83]LogModuleManager: Shutting down and abandoning module InputBindingEditor (154)
[2015.11.17-16.03.48:073][ 83]LogModuleManager: Shutting down and abandoning module EditorSettingsViewer (153)
[2015.11.17-16.03.48:073][ 83]LogModuleManager: Shutting down and abandoning module SettingsEditor (152)
[2015.11.17-16.03.48:074][ 83]LogModuleManager: Shutting down and abandoning module ProjectLauncher (151)
[2015.11.17-16.03.48:075][ 83]LogModuleManager: Shutting down and abandoning module SessionFrontend (150)
[2015.11.17-16.03.48:075][ 83]LogModuleManager: Shutting down and abandoning module ProfilerClient (149)
[2015.11.17-16.03.48:076][ 83]LogModuleManager: Shutting down and abandoning module TargetDeviceServices (148)
[2015.11.17-16.03.48:076][ 83]LogModuleManager: Shutting down and abandoning module DeviceManager (147)
[2015.11.17-16.03.48:077][ 83]LogModuleManager: Shutting down and abandoning module AutomationController (146)
[2015.11.17-16.03.48:077][ 83]LogModuleManager: Shutting down and abandoning module AutomationWindow (145)
[2015.11.17-16.03.48:078][ 83]LogModuleManager: Shutting down and abandoning module Layers (144)
[2015.11.17-16.03.48:080][ 83]LogModuleManager: Shutting down and abandoning module ComponentVisualizers (143)
[2015.11.17-16.03.48:080][ 83]LogModuleManager: Shutting down and abandoning module DetailCustomizations (142)
[2015.11.17-16.03.48:081][ 83]LogModuleManager: Shutting down and abandoning module PackagesDialog (141)
[2015.11.17-16.03.48:082][ 83]LogModuleManager: Shutting down and abandoning module Persona (140)
[2015.11.17-16.03.48:084][ 83]LogModuleManager: Shutting down and abandoning module Kismet (139)
[2015.11.17-16.03.48:085][ 83]LogModuleManager: Shutting down and abandoning module GraphEditor (138)
[2015.11.17-16.03.48:086][ 83]LogModuleManager: Shutting down and abandoning module ClassViewer (137)
[2015.11.17-16.03.48:087][ 83]LogModuleManager: Shutting down and abandoning module Toolbox (136)
[2015.11.17-16.03.48:087][ 83]LogModuleManager: Shutting down and abandoning module ModuleUI (135)
[2015.11.17-16.03.48:087][ 83]LogModuleManager: Shutting down and abandoning module MovieSceneTools (134)
[2015.11.17-16.03.48:088][ 83]LogModuleManager: Shutting down and abandoning module OutputLog (133)
[2015.11.17-16.03.48:088][ 83]LogModuleManager: Shutting down and abandoning module GammaUI (132)
[2015.11.17-16.03.48:088][ 83]LogModuleManager: Shutting down and abandoning module Documentation (131)
[2015.11.17-16.03.48:088][ 83]LogModuleManager: Shutting down and abandoning module GameLiveStreaming (130)
[2015.11.17-16.03.48:089][ 83]LogModuleManager: Shutting down and abandoning module StreamingPauseRendering (129)
[2015.11.17-16.03.48:089][ 83]LogModuleManager: Shutting down and abandoning module AnalyticsET (128)
[2015.11.17-16.03.48:089][ 83]LogModuleManager: Shutting down and abandoning module Analytics (127)
[2015.11.17-16.03.48:089][ 83]LogModuleManager: Shutting down and abandoning module AITestSuite (126)
[2015.11.17-16.03.48:089][ 83]LogModuleManager: Shutting down and abandoning module GameplayDebugger (125)
[2015.11.17-16.03.48:090][ 83]LogModuleManager: Shutting down and abandoning module AIModule (124)
[2015.11.17-16.03.48:090][ 83]LogModuleManager: Shutting down and abandoning module ProfilerService (123)
[2015.11.17-16.03.48:139][ 83]LogModuleManager: Shutting down and abandoning module TaskGraph (122)
[2015.11.17-16.03.48:140][ 83]LogModuleManager: Shutting down and abandoning module SlateRemote (121)
[2015.11.17-16.03.48:141][ 83]LogModuleManager: Shutting down and abandoning module SteamVRController (120)
[2015.11.17-16.03.48:141][ 83]LogModuleManager: Shutting down and abandoning module SteamVR (119)
[2015.11.17-16.03.48:141][ 83]LogModuleManager: Shutting down and abandoning module ProceduralMeshComponent (118)
[2015.11.17-16.03.48:141][ 83]LogModuleManager: Shutting down and abandoning module OculusLibrary (117)
[2015.11.17-16.03.48:141][ 83]LogModuleManager: Shutting down and abandoning module OculusInput (116)
[2015.11.17-16.03.48:141][ 83]LogModuleManager: Shutting down and abandoning module LeapMotionController (115)
[2015.11.17-16.03.48:156][ 83]LogModuleManager: Shutting down and abandoning module CustomMeshComponent (114)
[2015.11.17-16.03.48:156][ 83]LogModuleManager: Shutting down and abandoning module CableComponent (113)
[2015.11.17-16.03.48:156][ 83]LogModuleManager: Shutting down and abandoning module ArchVisCharacter (112)
[2015.11.17-16.03.48:156][ 83]LogModuleManager: Shutting down and abandoning module MessagingDebugger (111)
[2015.11.17-16.03.48:158][ 83]LogModuleManager: Shutting down and abandoning module MediaPlayerEditor (110)
[2015.11.17-16.03.48:159][ 83]LogModuleManager: Shutting down and abandoning module HTML5Networking (109)
[2015.11.17-16.03.48:159][ 83]LogModuleManager: Shutting down and abandoning module SpeedTreeImporter (108)
[2015.11.17-16.03.48:159][ 83]LogModuleManager: Shutting down and abandoning module PluginBrowser (107)
[2015.11.17-16.03.48:160][ 83]LogModuleManager: Shutting down and abandoning module EpicSurvey (106)
[2015.11.17-16.03.48:160][ 83]LogModuleManager: Shutting down and abandoning module DesktopPlatform (105)
[2015.11.17-16.03.48:161][ 83]LogModuleManager: Shutting down and abandoning module VisualStudioSourceCodeAccess (104)
[2015.11.17-16.03.48:161][ 83]LogModuleManager: Shutting down and abandoning module UObjectPlugin (103)
[2015.11.17-16.03.48:161][ 83]LogModuleManager: Shutting down and abandoning module SubversionSourceControl (102)
[2015.11.17-16.03.48:162][ 83]LogModuleManager: Shutting down and abandoning module PerforceSourceControl (101)
[2015.11.17-16.03.48:164][ 83]LogModuleManager: Shutting down and abandoning module SourceControl (100)
[2015.11.17-16.03.48:164][ 83]LogModuleManager: Shutting down and abandoning module GitSourceControl (99)
[2015.11.17-16.03.48:164][ 83]LogModuleManager: Shutting down and abandoning module LightPropagationVolumeEditor (98)
[2015.11.17-16.03.48:164][ 83]LogModuleManager: Shutting down and abandoning module PaperTiledImporter (97)
[2015.11.17-16.03.48:165][ 83]LogModuleManager: Shutting down and abandoning module PaperSpriteSheetImporter (96)
[2015.11.17-16.03.48:165][ 83]LogModuleManager: Shutting down and abandoning module MeshPaint (95)
[2015.11.17-16.03.48:165][ 83]LogModuleManager: Shutting down and abandoning module SlateReflector (94)
[2015.11.17-16.03.48:165][ 83]LogModuleManager: Shutting down and abandoning module HotReload (93)
[2015.11.17-16.03.48:166][ 83]LogModuleManager: Shutting down and abandoning module MainFrame (92)
[2015.11.17-16.03.48:166][ 83]LogModuleManager: Shutting down and abandoning module LevelEditor (91)
[2015.11.17-16.03.48:168][ 83]LogModuleManager: Shutting down and abandoning module DirectoryWatcher (90)
[2015.11.17-16.03.48:175][ 83]LogModuleManager: Shutting down and abandoning module AssetRegistry (89)
[2015.11.17-16.03.48:291][ 83]LogModuleManager: Shutting down and abandoning module ContentBrowser (88)
[2015.11.17-16.03.48:292][ 83]LogModuleManager: Shutting down and abandoning module Paper2DEditor (87)
[2015.11.17-16.03.48:294][ 83]LogModuleManager: Shutting down and abandoning module UdpMessaging (86)
[2015.11.17-16.03.48:394][ 83]LogModuleManager: Shutting down and abandoning module LightPropagationVolumeRuntime (85)
[2015.11.17-16.03.48:394][ 83]LogModuleManager: Shutting down and abandoning module Paper2D (84)
[2015.11.17-16.03.48:395][ 83]LogModuleManager: Shutting down and abandoning module WindowsMoviePlayer (83)
[2015.11.17-16.03.48:398][ 83]LogModuleManager: Shutting down and abandoning module Media (82)
[2015.11.17-16.03.48:399][ 83]LogModuleManager: Shutting down and abandoning module WmfMedia (81)
[2015.11.17-16.03.48:399][ 83]LogModuleManager: Shutting down and abandoning module OnlineBlueprintSupport (80)
[2015.11.17-16.03.48:399][ 83]LogModuleManager: Shutting down and abandoning module GameplayTasksEditor (79)
[2015.11.17-16.03.48:399][ 83]LogModuleManager: Shutting down and abandoning module PropertyEditor (78)
[2015.11.17-16.03.48:400][ 83]LogModuleManager: Shutting down and abandoning module BehaviorTreeEditor (77)
[2015.11.17-16.03.48:403][ 83]LogModuleManager: Shutting down and abandoning module FunctionalTesting (76)
[2015.11.17-16.03.48:403][ 83]LogModuleManager: Shutting down and abandoning module CollisionAnalyzer (75)
[2015.11.17-16.03.48:403][ 83]LogModuleManager: Shutting down and abandoning module WorkspaceMenuStructure (74)
[2015.11.17-16.03.48:403][ 83]LogModuleManager: Shutting down and abandoning module MessageLog (73)
[2015.11.17-16.03.48:403][ 83]LogModuleManager: Shutting down and abandoning module Sequencer (72)
[2015.11.17-16.03.48:405][ 83]LogModuleManager: Shutting down and abandoning module AssetTools (71)
[2015.11.17-16.03.48:407][ 83]LogModuleManager: Shutting down and abandoning module UMGEditor (70)
[2015.11.17-16.03.48:408][ 83]LogModuleManager: Shutting down and abandoning module UMG (69)
[2015.11.17-16.03.48:409][ 83]LogModuleManager: Shutting down and abandoning module Slate (68)
[2015.11.17-16.03.48:409][ 83]LogModuleManager: Shutting down and abandoning module EditorStyle (67)
[2015.11.17-16.03.48:412][ 83]LogModuleManager: Shutting down and abandoning module SessionServices (66)
[2015.11.17-16.03.48:412][ 83]LogModuleManager: Shutting down and abandoning module SourceCodeAccess (65)
[2015.11.17-16.03.48:412][ 83]LogModuleManager: Shutting down and abandoning module HeadMountedDisplay (64)
[2015.11.17-16.03.48:412][ 83]LogModuleManager: Shutting down and abandoning module XAudio2 (63)
[2015.11.17-16.03.48:412][ 83]LogModuleManager: Shutting down and abandoning module Networking (61)
[2015.11.17-16.03.48:413][ 83]LogModuleManager: Shutting down and abandoning module Core (60)
[2015.11.17-16.03.48:413][ 83]LogModuleManager: Shutting down and abandoning module KismetCompiler (59)
[2015.11.17-16.03.48:413][ 83]LogModuleManager: Shutting down and abandoning module PhysXFormats (58)
[2015.11.17-16.03.48:413][ 83]LogModuleManager: Shutting down and abandoning module MeshUtilities (57)
[2015.11.17-16.03.48:414][ 83]LogModuleManager: Shutting down and abandoning module DerivedDataCache (56)
[2015.11.17-16.03.48:435][ 83]LogDerivedDataCache: Shutdown
[2015.11.17-16.03.48:435][ 83]LogModuleManager: Shutting down and abandoning module ShaderFormatOpenGL (55)
[2015.11.17-16.03.48:435][ 83]LogModuleManager: Shutting down and abandoning module ShaderFormatD3D (54)
[2015.11.17-16.03.48:435][ 83]LogModuleManager: Shutting down and abandoning module MetalShaderFormat (53)
[2015.11.17-16.03.48:436][ 83]LogModuleManager: Shutting down and abandoning module TextureFormatUncompressed (52)
[2015.11.17-16.03.48:436][ 83]LogModuleManager: Shutting down and abandoning module TextureFormatPVR (51)
[2015.11.17-16.03.48:437][ 83]LogModuleManager: Shutting down and abandoning module TextureFormatIntelISPCTexComp (50)
[2015.11.17-16.03.48:437][ 83]LogModuleManager: Shutting down and abandoning module TextureFormatDXT (49)
[2015.11.17-16.03.48:437][ 83]LogModuleManager: Shutting down and abandoning module ImageWrapper (48)
[2015.11.17-16.03.48:437][ 83]LogModuleManager: Shutting down and abandoning module TextureFormatASTC (47)
[2015.11.17-16.03.48:437][ 83]LogModuleManager: Shutting down and abandoning module TextureFormatAndroid (46)
[2015.11.17-16.03.48:437][ 83]LogModuleManager: Shutting down and abandoning module AudioFormatOpus (45)
[2015.11.17-16.03.48:437][ 83]LogModuleManager: Shutting down and abandoning module AudioFormatOgg (44)
[2015.11.17-16.03.48:438][ 83]LogModuleManager: Shutting down and abandoning module AudioFormatADPCM (43)
[2015.11.17-16.03.48:438][ 83]LogModuleManager: Shutting down and abandoning module LinuxTargetPlatform (42)
[2015.11.17-16.03.48:438][ 83]LogModuleManager: Shutting down and abandoning module LinuxServerTargetPlatform (41)
[2015.11.17-16.03.48:438][ 83]LogModuleManager: Shutting down and abandoning module LinuxNoEditorTargetPlatform (40)
[2015.11.17-16.03.48:439][ 83]LogModuleManager: Shutting down and abandoning module Messaging (39)
[2015.11.17-16.03.48:439][ 83]LogModuleManager: Shutting down and abandoning module IOSTargetPlatform (38)
[2015.11.17-16.03.48:439][ 83]LogModuleManager: Shutting down and abandoning module HTML5TargetPlatform (37)
[2015.11.17-16.03.48:439][ 83]LogModuleManager: Shutting down and abandoning module Android_PVRTCTargetPlatform (36)
[2015.11.17-16.03.48:439][ 83]LogModuleManager: Shutting down and abandoning module Android_MultiTargetPlatform (35)
[2015.11.17-16.03.48:439][ 83]LogModuleManager: Shutting down and abandoning module Android_ETC2TargetPlatform (34)
[2015.11.17-16.03.48:439][ 83]LogModuleManager: Shutting down and abandoning module Android_ETC1TargetPlatform (33)
[2015.11.17-16.03.48:439][ 83]LogModuleManager: Shutting down and abandoning module Android_DXTTargetPlatform (32)
[2015.11.17-16.03.48:439][ 83]LogModuleManager: Shutting down and abandoning module Android_ATCTargetPlatform (31)
[2015.11.17-16.03.48:439][ 83]LogModuleManager: Shutting down and abandoning module Android_ASTCTargetPlatform (30)
[2015.11.17-16.03.48:439][ 83]LogModuleManager: Shutting down and abandoning module AndroidTargetPlatform (29)
[2015.11.17-16.03.48:439][ 83]LogModuleManager: Shutting down and abandoning module WindowsTargetPlatform (28)
[2015.11.17-16.03.48:439][ 83]LogModuleManager: Shutting down and abandoning module WindowsServerTargetPlatform (27)
[2015.11.17-16.03.48:439][ 83]LogModuleManager: Shutting down and abandoning module WindowsNoEditorTargetPlatform (26)
[2015.11.17-16.03.48:439][ 83]LogModuleManager: Shutting down and abandoning module WindowsClientTargetPlatform (25)
[2015.11.17-16.03.48:440][ 83]LogModuleManager: Shutting down and abandoning module AllDesktopTargetPlatform (24)
[2015.11.17-16.03.48:440][ 83]LogModuleManager: Shutting down and abandoning module TargetPlatform (23)
[2015.11.17-16.03.48:440][ 83]LogModuleManager: Shutting down and abandoning module InputCore (22)
[2015.11.17-16.03.48:440][ 83]LogModuleManager: Shutting down and abandoning module Settings (21)
[2015.11.17-16.03.48:440][ 83]LogModuleManager: Shutting down and abandoning module OnlineSubsystem (19)
[2015.11.17-16.03.48:440][ 83]LogModuleManager: Shutting down and abandoning module HTTP (18)
[2015.11.17-16.03.50:444][ 83]LogModuleManager: Shutting down and abandoning module XMPP (17)
[2015.11.17-16.03.50:445][ 83]LogModuleManager: Shutting down and abandoning module OculusRift (16)
[2015.11.17-16.03.50:445][ 83]LogModuleManager: Shutting down and abandoning module ExampleDeviceProfileSelector (15)
[2015.11.17-16.03.50:446][ 83]LogModuleManager: Shutting down and abandoning module TextureCompressor (14)
[2015.11.17-16.03.50:446][ 83]LogModuleManager: Shutting down and abandoning module ShaderCore (13)
[2015.11.17-16.03.50:446][ 83]LogModuleManager: Shutting down and abandoning module Landscape (12)
[2015.11.17-16.03.50:446][ 83]LogModuleManager: Shutting down and abandoning module SlateRHIRenderer (11)
[2015.11.17-16.03.50:452][ 83]LogModuleManager: Shutting down and abandoning module OpenGLDrv (10)
[2015.11.17-16.03.50:453][ 83]LogModuleManager: Shutting down and abandoning module D3D11RHI (9)
[2015.11.17-16.03.50:453][ 83]LogModuleManager: Shutting down and abandoning module AnimGraphRuntime (8)
[2015.11.17-16.03.50:453][ 83]LogModuleManager: Shutting down and abandoning module Renderer (7)
[2015.11.17-16.03.50:453][ 83]LogModuleManager: Shutting down and abandoning module Engine (6)
[2015.11.17-16.03.50:453][ 83]LogModuleManager: Shutting down and abandoning module CoreUObject (5)
[2015.11.17-16.03.50:453][ 83]LogModuleManager: Shutting down and abandoning module NetworkFile (4)
[2015.11.17-16.03.50:454][ 83]LogModuleManager: Shutting down and abandoning module StreamingFile (3)
[2015.11.17-16.03.50:454][ 83]LogModuleManager: Shutting down and abandoning module SandboxFile (2)
[2015.11.17-16.03.50:454][ 83]LogModuleManager: Shutting down and abandoning module PakFile (1)
[2015.11.17-16.03.50:457][ 83]LogExit: Exiting.
[2015.11.17-16.03.50:484][ 83]Log file closed, 11/17/15 17:03:50
